<?xml version="1.0" encoding="UTF-8"?>
<testsuite name="com.twu.biblioteca.ExampleTest" tests="1" skipped="0" failures="0" errors="0" timestamp="2020-01-27T22:33:59" hostname="Barbaras-MacBook-Pro.local" time="0.0">
  <properties/>
  <testcase name="test" classname="com.twu.biblioteca.ExampleTest" time="0.0"/>
  <system-out><![CDATA[]]></system-out>
  <system-err><![CDATA[]]></system-err>
</testsuite>
